2015-03-09 10:47:17.067000 select * from capital where year=2015 and month=3 and type=0 order by day,id
2015-03-09 10:47:17.192000 select * from capital where year=2015 and month=3 and type=1 order by day,id
2015-03-09 10:47:17.207000 select * from recycle order by id
2015-03-09 10:47:22.106000 try update file: http://www.pythonid.com/youmoney/update.php
2015-03-09 10:47:22.215000 version: Windows 7 6.1.7601 7601 Service Pack 1
2015-03-09 10:47:22.745000 Traceback (most recent call last):
  File "E:\Mario_Python\YouMoney-src-0.9.5\YouMoney-src-0.9.5\ui\update.py", line 62, in update
    ret = self.updateone(u)
  File "E:\Mario_Python\YouMoney-src-0.9.5\YouMoney-src-0.9.5\ui\update.py", line 73, in updateone
    fs = urllib2.urlopen(fileurl)
  File "C:\Python27\lib\urllib2.py", line 126, in urlopen
    return _opener.open(url, data, timeout)
  File "C:\Python27\lib\urllib2.py", line 406, in open
    response = meth(req, response)
  File "C:\Python27\lib\urllib2.py", line 519, in http_response
    'http', request, response, code, msg, hdrs)
  File "C:\Python27\lib\urllib2.py", line 444, in error
    return self._call_chain(*args)
  File "C:\Python27\lib\urllib2.py", line 378, in _call_chain
    result = func(*args)
  File "C:\Python27\lib\urllib2.py", line 527, in http_error_default
    raise HTTPError(req.get_full_url(), code, msg, hdrs, fp)
HTTPError: HTTP Error 404: Not Found

2015-03-09 10:47:22.745000 try update file: http://youmoney.googlecode.com/files/update.txt
2015-03-09 10:47:22.745000 version: Windows 7 6.1.7601 7601 Service Pack 1
2015-03-09 10:47:29.063000 ready: {'num': 10.0, 'id': 2281, 'cates': [u'\u4ea4\u901a->\u516c\u4ea4', u'\u4ea4\u901a->\u5730\u94c1', u'\u4ea4\u901a->\u51fa\u79df\u8f66', u'\u4ea4\u901a->\u5b58\u8f66\u8d39', u'\u4ea4\u901a->\u81ea\u884c\u8f66', u'\u4ea4\u901a->\u673a\u7968', u'\u4ea4\u901a->\u79df\u8f66', u'\u996e\u98df->\u65e9\u9910', u'\u996e\u98df->\u5348\u9910', u'\u996e\u98df->\u665a\u9910', u'\u996e\u98df->\u5bb5\u591c', u'\u996e\u98df->\u996d\u9986', u'\u65e5\u5e38->\u8d85\u5e02', u'\u65e5\u5e38->\u4e70\u83dc', u'\u65e5\u5e38->\u4fdd\u6d01', u'\u65e5\u5e38->\u7406\u53d1', u'\u65e5\u5e38->\u7f51\u8d2d', u'\u65e5\u5e38->\u6c34\u679c', u'\u65e5\u5e38->\u5065\u5eb7', u'\u65e5\u5e38->\u7535\u5b50\u4ea7\u54c1', u'\u65e5\u5e38->\u94f6\u884c\u670d\u52a1\u8d39', u'\u4f4f\u623f->\u623f\u8d37', u'\u4f4f\u623f->\u623f\u79df', u'\u4f4f\u623f->\u79df\u8d41\u62bc\u91d1', u'\u4f4f\u623f->\u4fdd\u5b89\u4fdd\u6d01\u8d39', u'\u4f4f\u623f->\u79df\u623f\u4f63\u91d1', u'\u751f\u6d3b\u8d26\u5355->\u7535\u8d39', u'\u751f\u6d3b\u8d26\u5355->\u6c34\u8d39', u'\u751f\u6d3b\u8d26\u5355->\u7164\u6c14\u8d39', u'\u751f\u6d3b\u8d26\u5355->\u6709\u7ebf\u7535\u89c6\u8d39', u'\u751f\u6d3b\u8d26\u5355->\u7535\u8bdd\u8d39', u'\u751f\u6d3b\u8d26\u5355->\u7f51\u7edc\u8d39', u'\u5a31\u4e50\u6d3b\u52a8->\u6253\u724c', u'\u5a31\u4e50\u6d3b\u52a8->KTV', u'\u5a31\u4e50\u6d3b\u52a8->\u805a\u4f1a', u'\u5a31\u4e50\u6d3b\u52a8->\u7535\u5f71\u9662', u'\u5a31\u4e50\u6d3b\u52a8->\u6d3b\u52a8', u'\u670d\u9970->\u8863\u670d\u88e4\u5b50', u'\u670d\u9970->\u978b\u5b50', u'\u670d\u9970->\u5c0f\u9970\u54c1', u'\u793c\u91d1->\u7ed9\u4eb2\u621a', u'\u793c\u91d1->\u7ed9\u670b\u53cb', u'\u793c\u91d1->\u7ed9\u9886\u5bfc', u'\u793c\u91d1->\u7ed9\u5c0f\u5b69', u'\u6587\u5316\u6559\u80b2->\u4e70\u4e66', u'\u6587\u5316\u6559\u80b2->\u5b66\u8d39', u'\u6587\u5316\u6559\u80b2->\u5b66\u6742\u8d39', u'\u65c5\u6e38->\u51fa\u79df', u'\u65c5\u6e38->\u65e9\u9910', u'\u65c5\u6e38->\u5348\u9910', u'\u65c5\u6e38->\u665a\u9910', u'\u65c5\u6e38->\u98df\u54c1', u'\u65c5\u6e38->\u516c\u4ea4', u'\u65c5\u6e38->\u706b\u8f66', u'\u65c5\u6e38->\u4f4f\u5bbf', u'\u65c5\u6e38->\u95e8\u7968', u'\u65c5\u6e38->\u6c7d\u8f66', u'\u65c5\u6e38->\u7b7e\u8bc1\u8d39', u'\u6295\u8d44->\u5b9a\u5b58', u'\u6295\u8d44->\u80a1\u7968', u'\u6295\u8d44->\u57fa\u91d1'], 'year': 2015, 'mode': 'update', 'pay': u'\u73b0\u91d1', 'explain': u'\u4f30\u503c', 'month': 3, 'day': 9, 'cate': u'\u996e\u98df->\u65e9\u9910'}
2015-03-09 10:47:32.761000 Traceback (most recent call last):
  File "E:\Mario_Python\YouMoney-src-0.9.5\YouMoney-src-0.9.5\ui\update.py", line 62, in update
    ret = self.updateone(u)
  File "E:\Mario_Python\YouMoney-src-0.9.5\YouMoney-src-0.9.5\ui\update.py", line 73, in updateone
    fs = urllib2.urlopen(fileurl)
  File "C:\Python27\lib\urllib2.py", line 126, in urlopen
    return _opener.open(url, data, timeout)
  File "C:\Python27\lib\urllib2.py", line 400, in open
    response = self._open(req, data)
  File "C:\Python27\lib\urllib2.py", line 418, in _open
    '_open', req)
  File "C:\Python27\lib\urllib2.py", line 378, in _call_chain
    result = func(*args)
  File "C:\Python27\lib\urllib2.py", line 1207, in http_open
    return self.do_open(httplib.HTTPConnection, req)
  File "C:\Python27\lib\urllib2.py", line 1177, in do_open
    raise URLError(err)
URLError: <urlopen error timed out>

2015-03-09 10:47:52.922000 payout dialog: {'cate': u'\u996e\u98df->\u65e9\u9910', 'pay': u'\u73b0\u91d1', 'explain': u'\u829d\u9ebb\u53051.2*2 = 2.4\u5143\uff1b\u5357\u74dc\u7ca5 6\u5143', 'num': u'8.4', 'mode': 'update', 'date': <wx.DateTime: "03/09/15 00:00:00" at _b009cb02_p_wxDateTime>, 'id': 2281, 'reuse': False}
2015-03-09 10:47:52.922000 update capital: update capital set category=?,num=?,year=?,month=?,day=?,payway=?,explain=? where id=?
2015-03-09 10:47:53.156000 select * from capital where year=2015 and month=3 and type=0 order by day,id
2015-03-09 10:47:53.202000 select * from capital where year=2015 and month=3 and type=1 order by day,id
2015-03-09 10:47:53.202000 select * from recycle order by id
2015-03-09 10:47:57.742000 ready: {'num': 10.0, 'id': 2322, 'cates': [u'\u4ea4\u901a->\u516c\u4ea4', u'\u4ea4\u901a->\u5730\u94c1', u'\u4ea4\u901a->\u51fa\u79df\u8f66', u'\u4ea4\u901a->\u5b58\u8f66\u8d39', u'\u4ea4\u901a->\u81ea\u884c\u8f66', u'\u4ea4\u901a->\u673a\u7968', u'\u4ea4\u901a->\u79df\u8f66', u'\u996e\u98df->\u65e9\u9910', u'\u996e\u98df->\u5348\u9910', u'\u996e\u98df->\u665a\u9910', u'\u996e\u98df->\u5bb5\u591c', u'\u996e\u98df->\u996d\u9986', u'\u65e5\u5e38->\u8d85\u5e02', u'\u65e5\u5e38->\u4e70\u83dc', u'\u65e5\u5e38->\u4fdd\u6d01', u'\u65e5\u5e38->\u7406\u53d1', u'\u65e5\u5e38->\u7f51\u8d2d', u'\u65e5\u5e38->\u6c34\u679c', u'\u65e5\u5e38->\u5065\u5eb7', u'\u65e5\u5e38->\u7535\u5b50\u4ea7\u54c1', u'\u65e5\u5e38->\u94f6\u884c\u670d\u52a1\u8d39', u'\u4f4f\u623f->\u623f\u8d37', u'\u4f4f\u623f->\u623f\u79df', u'\u4f4f\u623f->\u79df\u8d41\u62bc\u91d1', u'\u4f4f\u623f->\u4fdd\u5b89\u4fdd\u6d01\u8d39', u'\u4f4f\u623f->\u79df\u623f\u4f63\u91d1', u'\u751f\u6d3b\u8d26\u5355->\u7535\u8d39', u'\u751f\u6d3b\u8d26\u5355->\u6c34\u8d39', u'\u751f\u6d3b\u8d26\u5355->\u7164\u6c14\u8d39', u'\u751f\u6d3b\u8d26\u5355->\u6709\u7ebf\u7535\u89c6\u8d39', u'\u751f\u6d3b\u8d26\u5355->\u7535\u8bdd\u8d39', u'\u751f\u6d3b\u8d26\u5355->\u7f51\u7edc\u8d39', u'\u5a31\u4e50\u6d3b\u52a8->\u6253\u724c', u'\u5a31\u4e50\u6d3b\u52a8->KTV', u'\u5a31\u4e50\u6d3b\u52a8->\u805a\u4f1a', u'\u5a31\u4e50\u6d3b\u52a8->\u7535\u5f71\u9662', u'\u5a31\u4e50\u6d3b\u52a8->\u6d3b\u52a8', u'\u670d\u9970->\u8863\u670d\u88e4\u5b50', u'\u670d\u9970->\u978b\u5b50', u'\u670d\u9970->\u5c0f\u9970\u54c1', u'\u793c\u91d1->\u7ed9\u4eb2\u621a', u'\u793c\u91d1->\u7ed9\u670b\u53cb', u'\u793c\u91d1->\u7ed9\u9886\u5bfc', u'\u793c\u91d1->\u7ed9\u5c0f\u5b69', u'\u6587\u5316\u6559\u80b2->\u4e70\u4e66', u'\u6587\u5316\u6559\u80b2->\u5b66\u8d39', u'\u6587\u5316\u6559\u80b2->\u5b66\u6742\u8d39', u'\u65c5\u6e38->\u51fa\u79df', u'\u65c5\u6e38->\u65e9\u9910', u'\u65c5\u6e38->\u5348\u9910', u'\u65c5\u6e38->\u665a\u9910', u'\u65c5\u6e38->\u98df\u54c1', u'\u65c5\u6e38->\u516c\u4ea4', u'\u65c5\u6e38->\u706b\u8f66', u'\u65c5\u6e38->\u4f4f\u5bbf', u'\u65c5\u6e38->\u95e8\u7968', u'\u65c5\u6e38->\u6c7d\u8f66', u'\u65c5\u6e38->\u7b7e\u8bc1\u8d39', u'\u6295\u8d44->\u5b9a\u5b58', u'\u6295\u8d44->\u80a1\u7968', u'\u6295\u8d44->\u57fa\u91d1'], 'year': 2015, 'mode': 'update', 'pay': u'\u73b0\u91d1', 'explain': u'\u4f30\u503c', 'month': 3, 'day': 8, 'cate': u'\u996e\u98df->\u5bb5\u591c'}
2015-03-09 10:48:01.809000 del: delete from capital where id=2322
2015-03-09 10:48:02.248000 select * from capital where year=2015 and month=3 and type=0 order by day,id
2015-03-09 10:48:02.295000 select * from capital where year=2015 and month=3 and type=1 order by day,id
2015-03-09 10:48:02.295000 select * from recycle order by id
2015-03-09 10:48:03.996000 ready: {'num': 25.0, 'id': 2308, 'cates': [u'\u4ea4\u901a->\u516c\u4ea4', u'\u4ea4\u901a->\u5730\u94c1', u'\u4ea4\u901a->\u51fa\u79df\u8f66', u'\u4ea4\u901a->\u5b58\u8f66\u8d39', u'\u4ea4\u901a->\u81ea\u884c\u8f66', u'\u4ea4\u901a->\u673a\u7968', u'\u4ea4\u901a->\u79df\u8f66', u'\u996e\u98df->\u65e9\u9910', u'\u996e\u98df->\u5348\u9910', u'\u996e\u98df->\u665a\u9910', u'\u996e\u98df->\u5bb5\u591c', u'\u996e\u98df->\u996d\u9986', u'\u65e5\u5e38->\u8d85\u5e02', u'\u65e5\u5e38->\u4e70\u83dc', u'\u65e5\u5e38->\u4fdd\u6d01', u'\u65e5\u5e38->\u7406\u53d1', u'\u65e5\u5e38->\u7f51\u8d2d', u'\u65e5\u5e38->\u6c34\u679c', u'\u65e5\u5e38->\u5065\u5eb7', u'\u65e5\u5e38->\u7535\u5b50\u4ea7\u54c1', u'\u65e5\u5e38->\u94f6\u884c\u670d\u52a1\u8d39', u'\u4f4f\u623f->\u623f\u8d37', u'\u4f4f\u623f->\u623f\u79df', u'\u4f4f\u623f->\u79df\u8d41\u62bc\u91d1', u'\u4f4f\u623f->\u4fdd\u5b89\u4fdd\u6d01\u8d39', u'\u4f4f\u623f->\u79df\u623f\u4f63\u91d1', u'\u751f\u6d3b\u8d26\u5355->\u7535\u8d39', u'\u751f\u6d3b\u8d26\u5355->\u6c34\u8d39', u'\u751f\u6d3b\u8d26\u5355->\u7164\u6c14\u8d39', u'\u751f\u6d3b\u8d26\u5355->\u6709\u7ebf\u7535\u89c6\u8d39', u'\u751f\u6d3b\u8d26\u5355->\u7535\u8bdd\u8d39', u'\u751f\u6d3b\u8d26\u5355->\u7f51\u7edc\u8d39', u'\u5a31\u4e50\u6d3b\u52a8->\u6253\u724c', u'\u5a31\u4e50\u6d3b\u52a8->KTV', u'\u5a31\u4e50\u6d3b\u52a8->\u805a\u4f1a', u'\u5a31\u4e50\u6d3b\u52a8->\u7535\u5f71\u9662', u'\u5a31\u4e50\u6d3b\u52a8->\u6d3b\u52a8', u'\u670d\u9970->\u8863\u670d\u88e4\u5b50', u'\u670d\u9970->\u978b\u5b50', u'\u670d\u9970->\u5c0f\u9970\u54c1', u'\u793c\u91d1->\u7ed9\u4eb2\u621a', u'\u793c\u91d1->\u7ed9\u670b\u53cb', u'\u793c\u91d1->\u7ed9\u9886\u5bfc', u'\u793c\u91d1->\u7ed9\u5c0f\u5b69', u'\u6587\u5316\u6559\u80b2->\u4e70\u4e66', u'\u6587\u5316\u6559\u80b2->\u5b66\u8d39', u'\u6587\u5316\u6559\u80b2->\u5b66\u6742\u8d39', u'\u65c5\u6e38->\u51fa\u79df', u'\u65c5\u6e38->\u65e9\u9910', u'\u65c5\u6e38->\u5348\u9910', u'\u65c5\u6e38->\u665a\u9910', u'\u65c5\u6e38->\u98df\u54c1', u'\u65c5\u6e38->\u516c\u4ea4', u'\u65c5\u6e38->\u706b\u8f66', u'\u65c5\u6e38->\u4f4f\u5bbf', u'\u65c5\u6e38->\u95e8\u7968', u'\u65c5\u6e38->\u6c7d\u8f66', u'\u65c5\u6e38->\u7b7e\u8bc1\u8d39', u'\u6295\u8d44->\u5b9a\u5b58', u'\u6295\u8d44->\u80a1\u7968', u'\u6295\u8d44->\u57fa\u91d1'], 'year': 2015, 'mode': 'update', 'pay': u'\u73b0\u91d1', 'explain': u'\u4f30\u503c', 'month': 3, 'day': 8, 'cate': u'\u996e\u98df->\u665a\u9910'}
2015-03-09 10:48:50.749000 payout dialog: {'cate': u'\u996e\u98df->\u665a\u9910', 'pay': u'\u73b0\u91d1', 'explain': u'\u6392\u9aa8\u976216\u5143\uff1b\u4e09\u601d\u9762 18\u5143\uff1b\u6625\u5377 8\u5143', 'num': u'42', 'mode': 'update', 'date': <wx.DateTime: "03/08/15 00:00:00" at _000bcb02_p_wxDateTime>, 'id': 2308, 'reuse': False}
2015-03-09 10:48:50.749000 update capital: update capital set category=?,num=?,year=?,month=?,day=?,payway=?,explain=? where id=?
2015-03-09 10:48:51.030000 select * from capital where year=2015 and month=3 and type=0 order by day,id
2015-03-09 10:48:51.061000 select * from capital where year=2015 and month=3 and type=1 order by day,id
2015-03-09 10:48:51.061000 select * from recycle order by id
2015-03-09 10:49:05.733000 del: delete from capital where id=2294
2015-03-09 10:49:05.993000 select * from capital where year=2015 and month=3 and type=0 order by day,id
2015-03-09 10:49:06.035000 select * from capital where year=2015 and month=3 and type=1 order by day,id
2015-03-09 10:49:06.042000 select * from recycle order by id
2015-03-09 10:49:31.359000 payout dialog: {'cate': u'\u65e5\u5e38->\u8d85\u5e02', 'pay': u'\u73b0\u91d1', 'explain': u'\u519c\u592b\u5c71\u6cc9\u77ff\u6cc9\u6c34\uff1b4L', 'num': u'7.8', 'mode': 'insert', 'date': <wx.DateTime: "03/08/15 00:00:00" at _b009cb02_p_wxDateTime>, 'reuse': False}
2015-03-09 10:49:31.359000 insert capital payout: insert into capital (category,num,ctime,year,month,day,payway,explain,type) values (?,?,?,?,?,?,?,?,0)
2015-03-09 10:49:31.546000 select * from capital where year=2015 and month=3 and type=0 order by day,id
2015-03-09 10:49:31.577000 select * from capital where year=2015 and month=3 and type=1 order by day,id
2015-03-09 10:49:31.593000 select * from recycle order by id
2015-03-09 10:49:44.416000 ready: {'num': 7.8, 'id': 2324, 'cates': [u'\u4ea4\u901a->\u516c\u4ea4', u'\u4ea4\u901a->\u5730\u94c1', u'\u4ea4\u901a->\u51fa\u79df\u8f66', u'\u4ea4\u901a->\u5b58\u8f66\u8d39', u'\u4ea4\u901a->\u81ea\u884c\u8f66', u'\u4ea4\u901a->\u673a\u7968', u'\u4ea4\u901a->\u79df\u8f66', u'\u996e\u98df->\u65e9\u9910', u'\u996e\u98df->\u5348\u9910', u'\u996e\u98df->\u665a\u9910', u'\u996e\u98df->\u5bb5\u591c', u'\u996e\u98df->\u996d\u9986', u'\u65e5\u5e38->\u8d85\u5e02', u'\u65e5\u5e38->\u4e70\u83dc', u'\u65e5\u5e38->\u4fdd\u6d01', u'\u65e5\u5e38->\u7406\u53d1', u'\u65e5\u5e38->\u7f51\u8d2d', u'\u65e5\u5e38->\u6c34\u679c', u'\u65e5\u5e38->\u5065\u5eb7', u'\u65e5\u5e38->\u7535\u5b50\u4ea7\u54c1', u'\u65e5\u5e38->\u94f6\u884c\u670d\u52a1\u8d39', u'\u4f4f\u623f->\u623f\u8d37', u'\u4f4f\u623f->\u623f\u79df', u'\u4f4f\u623f->\u79df\u8d41\u62bc\u91d1', u'\u4f4f\u623f->\u4fdd\u5b89\u4fdd\u6d01\u8d39', u'\u4f4f\u623f->\u79df\u623f\u4f63\u91d1', u'\u751f\u6d3b\u8d26\u5355->\u7535\u8d39', u'\u751f\u6d3b\u8d26\u5355->\u6c34\u8d39', u'\u751f\u6d3b\u8d26\u5355->\u7164\u6c14\u8d39', u'\u751f\u6d3b\u8d26\u5355->\u6709\u7ebf\u7535\u89c6\u8d39', u'\u751f\u6d3b\u8d26\u5355->\u7535\u8bdd\u8d39', u'\u751f\u6d3b\u8d26\u5355->\u7f51\u7edc\u8d39', u'\u5a31\u4e50\u6d3b\u52a8->\u6253\u724c', u'\u5a31\u4e50\u6d3b\u52a8->KTV', u'\u5a31\u4e50\u6d3b\u52a8->\u805a\u4f1a', u'\u5a31\u4e50\u6d3b\u52a8->\u7535\u5f71\u9662', u'\u5a31\u4e50\u6d3b\u52a8->\u6d3b\u52a8', u'\u670d\u9970->\u8863\u670d\u88e4\u5b50', u'\u670d\u9970->\u978b\u5b50', u'\u670d\u9970->\u5c0f\u9970\u54c1', u'\u793c\u91d1->\u7ed9\u4eb2\u621a', u'\u793c\u91d1->\u7ed9\u670b\u53cb', u'\u793c\u91d1->\u7ed9\u9886\u5bfc', u'\u793c\u91d1->\u7ed9\u5c0f\u5b69', u'\u6587\u5316\u6559\u80b2->\u4e70\u4e66', u'\u6587\u5316\u6559\u80b2->\u5b66\u8d39', u'\u6587\u5316\u6559\u80b2->\u5b66\u6742\u8d39', u'\u65c5\u6e38->\u51fa\u79df', u'\u65c5\u6e38->\u65e9\u9910', u'\u65c5\u6e38->\u5348\u9910', u'\u65c5\u6e38->\u665a\u9910', u'\u65c5\u6e38->\u98df\u54c1', u'\u65c5\u6e38->\u516c\u4ea4', u'\u65c5\u6e38->\u706b\u8f66', u'\u65c5\u6e38->\u4f4f\u5bbf', u'\u65c5\u6e38->\u95e8\u7968', u'\u65c5\u6e38->\u6c7d\u8f66', u'\u65c5\u6e38->\u7b7e\u8bc1\u8d39', u'\u6295\u8d44->\u5b9a\u5b58', u'\u6295\u8d44->\u80a1\u7968', u'\u6295\u8d44->\u57fa\u91d1'], 'year': 2015, 'mode': 'update', 'pay': u'\u73b0\u91d1', 'explain': u'\u519c\u592b\u5c71\u6cc9\u77ff\u6cc9\u6c34\uff1b4L', 'month': 3, 'day': 8, 'cate': u'\u65e5\u5e38->\u8d85\u5e02'}
2015-03-09 10:50:01.685000 payout dialog: {'cate': u'\u65e5\u5e38->\u8d85\u5e02', 'pay': u'\u73b0\u91d1', 'explain': u'\u519c\u592b\u5c71\u6cc9\u77ff\u6cc9\u6c34\uff1b4L\uff1b\u9752\u83dc 2.5\u5143', 'num': u'10.3', 'mode': 'update', 'date': <wx.DateTime: "03/08/15 00:00:00" at _e00acb02_p_wxDateTime>, 'id': 2324, 'reuse': False}
2015-03-09 10:50:01.685000 update capital: update capital set category=?,num=?,year=?,month=?,day=?,payway=?,explain=? where id=?
2015-03-09 10:50:01.951000 select * from capital where year=2015 and month=3 and type=0 order by day,id
2015-03-09 10:50:01.998000 select * from capital where year=2015 and month=3 and type=1 order by day,id
2015-03-09 10:50:01.998000 select * from recycle order by id
2015-03-09 10:50:06.666000 del: delete from capital where id=2280
2015-03-09 10:50:06.896000 select * from capital where year=2015 and month=3 and type=0 order by day,id
2015-03-09 10:50:06.936000 select * from capital where year=2015 and month=3 and type=1 order by day,id
2015-03-09 10:50:06.946000 select * from recycle order by id
2015-03-09 10:50:47.933000 payout dialog: {'cate': u'\u4ea4\u901a->\u51fa\u79df\u8f66', 'pay': u'\u73b0\u91d1', 'explain': u'\u8679\u6865\u673a\u573a\u5230\u9633\u5149\u5c0f\u533a\uff1b69\u5143', 'num': u'69', 'mode': 'insert', 'date': <wx.DateTime: "03/08/15 00:00:00" at _b009cb02_p_wxDateTime>, 'reuse': False}
2015-03-09 10:50:47.933000 insert capital payout: insert into capital (category,num,ctime,year,month,day,payway,explain,type) values (?,?,?,?,?,?,?,?,0)
2015-03-09 10:50:48.167000 select * from capital where year=2015 and month=3 and type=0 order by day,id
2015-03-09 10:50:48.213000 select * from capital where year=2015 and month=3 and type=1 order by day,id
2015-03-09 10:50:48.213000 select * from recycle order by id
2015-03-09 10:51:04.765000 select * from capital where year=2015 and month=2 and type=0 order by day,id
2015-03-09 10:51:42.283000 cateedit: {'catetype': u'\u652f\u51fa', 'upcate': u'\u4ea4\u901a', 'cate': u'\u98de\u673a\u7968', 'mode': 'insert'}
2015-03-09 10:51:42.283000 insert category: insert into category (name,parent,type) values (?,?,?)
2015-03-09 10:51:42.658000 select * from capital where year=2015 and month=2 and type=0 order by day,id
2015-03-09 10:51:42.704000 select * from capital where year=2015 and month=3 and type=1 order by day,id
2015-03-09 10:51:42.720000 select * from recycle order by id
2015-03-09 10:52:05.603000 update category: update capital set category=92 where category in (91) and type=0
2015-03-09 10:52:05.619000 update recycle: update recycle set category=92 where category in (91) and type=0
2015-03-09 10:52:05.759000 select * from capital where year=2015 and month=2 and type=0 order by day,id
2015-03-09 10:52:05.790000 select * from capital where year=2015 and month=3 and type=1 order by day,id
2015-03-09 10:52:05.790000 select * from recycle order by id
2015-03-09 10:57:06.128000 payout dialog: {'cate': u'\u4ea4\u901a->\u673a\u7968', 'pay': u'\u73b0\u91d1', 'explain': u'\u53a6\u95e8\u9ad8\u5d0eT4 - \u4e0a\u6d77\u8679\u6865T2\uff1b3\u6708\u516b\u53f78:10-9:45\uff1b\u5c71\u4e1c\u822a\u7a7aSC4941\uff1b6\u70b9\u949f\u8d77\u5e8a\uff1b10:02\u5230\u8679\u6865\uff1b10:41\u5230\u9633\u5149\u5c0f\u533a', 'num': u'576', 'mode': 'insert', 'date': <wx.DateTime: "03/09/15 00:00:00" at _2863d702_p_wxDateTime>, 'reuse': False}
2015-03-09 10:57:06.128000 insert capital payout: insert into capital (category,num,ctime,year,month,day,payway,explain,type) values (?,?,?,?,?,?,?,?,0)
2015-03-09 10:57:06.440000 select * from capital where year=2015 and month=2 and type=0 order by day,id
2015-03-09 10:57:06.471000 select * from capital where year=2015 and month=3 and type=1 order by day,id
2015-03-09 10:57:06.471000 select * from recycle order by id
2015-03-09 10:57:12.899000 select * from capital where year=2015 and month=4 and type=0 order by day,id
2015-03-09 10:57:14.505000 select * from capital where year=2015 and month=3 and type=0 order by day,id
2015-03-09 10:58:34.176000 task thread end
2015-03-09 10:58:34.597000 server thread end
